<?xml version="1.0" encoding="utf-8"?>
<coverage line-rate="0.5770000000000001" branch-rate="0.42469999999999997" version="1.9" timestamp="1777298301" lines-covered="749" lines-valid="1298" branches-covered="96" branches-valid="226">
  <sources>
    <source>D:\Avaliacao\entrega-desafio-backend\src\</source>
  </sources>
  <packages>
    <package name="Ambev.DeveloperEvaluation.Common" line-rate="0.6459999999999999" branch-rate="0.0263" complexity="49">
      <classes>
        <class name="Ambev.DeveloperEvaluation.Common.Validation.ValidationBehavior`2" filename="Ambev.DeveloperEvaluation.Common\Validation\ValidationBehavior.cs" line-rate="1" branch-rate="1" complexity="1">
          <methods>
            <method name=".ctor" signature="(System.Collections.Generic.IEnumerable`1&lt;FluentValidation.IValidator`1&lt;TRequest&gt;&gt;,Microsoft.Extensions.Logging.ILoggerFactory)" line-rate="1" branch-rate="1" complexity="1">
              <lines>
                <line number="13" hits="4" branch="False" />
                <line number="14" hits="4" branch="False" />
                <line number="15" hits="4" branch="False" />
                <line number="16" hits="4" branch="False" />
                <line number="17" hits="4" branch="False" />
                <line number="18" hits="4" branch="False" />
                <line number="19" hits="4" branch="False" />
              </lines>
            </method>
          </methods>
          <lines>
            <line number="13" hits="4" branch="False" />
            <line number="14" hits="4" branch="False" />
            <line number="15" hits="4" branch="False" />
            <line number="16" hits="4" branch="False" />
            <line number="17" hits="4" branch="False" />
            <line number="18" hits="4" branch="False" />
            <line number="19" hits="4" branch="False" />
          </lines>
        </class>
        <class name="Ambev.DeveloperEvaluation.Common.Validation.ValidationErrorDetail" filename="Ambev.DeveloperEvaluation.Common\Validation\ValidationErrorDetail.cs" line-rate="1" branch-rate="1" complexity="1">
          <methods>
            <method name="op_Explicit" signature="(FluentValidation.Results.ValidationFailure)" line-rate="1" branch-rate="1" complexity="1">
              <lines>
                <line number="11" hits="9" branch="False" />
                <line number="12" hits="9" branch="False" />
                <line number="13" hits="9" branch="False" />
                <line number="14" hits="9" branch="False" />
                <line number="15" hits="9" branch="False" />
                <line number="16" hits="9" branch="False" />
                <line number="17" hits="9" branch="False" />
              </lines>
            </method>
          </methods>
          <lines>
            <line number="11" hits="9" branch="False" />
            <line number="12" hits="9" branch="False" />
            <line number="13" hits="9" branch="False" />
            <line number="14" hits="9" branch="False" />
            <line number="15" hits="9" branch="False" />
            <line number="16" hits="9" branch="False" />
            <line number="17" hits="9" branch="False" />
          </lines>
        </class>
        <class name="Ambev.DeveloperEvaluation.Common.Validation.ValidationResultDetail" filename="Ambev.DeveloperEvaluation.Common\Validation\ValidationResult.cs" line-rate="1" branch-rate="1" complexity="2">
          <methods>
            <method name=".ctor" signature="()" line-rate="1" branch-rate="1" complexity="1">
              <lines>
                <line number="10" hits="9" branch="False" />
                <line number="11" hits="9" branch="False" />
                <line number="13" hits="9" branch="False" />
              </lines>
            </method>
            <method name=".ctor" signature="(FluentValidation.Results.ValidationResult)" line-rate="1" branch-rate="1" complexity="1">
              <lines>
                <line number="15" hits="1" branch="False" />
                <line number="16" hits="1" branch="False" />
                <line number="17" hits="1" branch="False" />
                <line number="18" hits="1" branch="False" />
                <line number="19" hits="1" branch="False" />
              </lines>
            </method>
          </methods>
          <lines>
            <line number="10" hits="9" branch="False" />
            <line number="11" hits="9" branch="False" />
            <line number="13" hits="9" branch="False" />
            <line number="15" hits="1" branch="False" />
            <line number="16" hits="1" branch="False" />
            <line number="17" hits="1" branch="False" />
            <line number="18" hits="1" branch="False" />
            <line number="19" hits="1" branch="False" />
          </lines>
        </class>
        <class name="Ambev.DeveloperEvaluation.Common.Security.BCryptPasswordHasher" filename="Ambev.DeveloperEvaluation.Common\Security\BCryptPasswordHasher.cs" line-rate="1" branch-rate="1" complexity="2">
          <methods>
            <method name="HashPassword" signature="(System.String)" line-rate="1" branch-rate="1" complexity="1">
              <lines>
                <line number="16" hits="5" branch="False" />
                <line number="17" hits="5" branch="False" />
                <line number="18" hits="5" branch="False" />
              </lines>
            </method>
            <method name="VerifyPassword" signature="(System.String,System.String)" line-rate="1" branch-rate="1" complexity="1">
              <lines>
                <line number="27" hits="2" branch="False" />
                <line number="28" hits="2" branch="False" />
                <line number="29" hits="2" branch="False" />
              </lines>
            </method>
          </methods>
          <lines>
            <line number="16" hits="5" branch="False" />
            <line number="17" hits="5" branch="False" />
            <line number="18" hits="5" branch="False" />
            <line number="27" hits="2" branch="False" />
            <line number="28" hits="2" branch="False" />
            <line number="29" hits="2" branch="False" />
          </lines>
        </class>
        <class name="Ambev.DeveloperEvaluation.Common.Security.JwtTokenGenerator" filename="Ambev.DeveloperEvaluation.Common\Security\JwtTokenGenerator.cs" line-rate="0.9655" branch-rate="0.5" complexity="3">
          <methods>
            <method name="GenerateToken" signature="(Ambev.DeveloperEvaluation.Common.Security.IUser)" line-rate="0.96" branch-rate="0.5" complexity="2">
              <lines>
                <line number="42" hits="3" branch="False" />
                <line number="43" hits="3" branch="False" />
                <line number="44" hits="3" branch="False" />
                <line number="45" hits="3" branch="True" condition-coverage="50% (1/2)">
                  <conditions>
                    <condition number="34" type="jump" coverage="50%" />
                  </conditions>
                </line>
                <line number="46" hits="0" branch="False" />
                <line number="48" hits="3" branch="False" />
                <line number="50" hits="3" branch="False" />
                <line number="51" hits="3" branch="False" />
                <line number="52" hits="3" branch="False" />
                <line number="53" hits="3" branch="False" />
                <line number="54" hits="3" branch="False" />
                <line number="55" hits="3" branch="False" />
                <line number="56" hits="3" branch="False" />
                <line number="57" hits="3" branch="False" />
                <line number="59" hits="3" branch="False" />
                <line number="60" hits="3" branch="False" />
                <line number="61" hits="3" branch="False" />
                <line number="62" hits="3" branch="False" />
                <line number="63" hits="3" branch="False" />
                <line number="64" hits="3" branch="False" />
                <line number="65" hits="3" branch="False" />
                <line number="66" hits="3" branch="False" />
                <line number="68" hits="3" branch="False" />
                <line number="69" hits="3" branch="False" />
                <line number="70" hits="3" branch="False" />
              </lines>
            </method>
            <method name=".ctor" signature="(Microsoft.Extensions.Configuration.IConfiguration)" line-rate="1" branch-rate="1" complexity="1">
              <lines>
                <line number="20" hits="3" branch="False" />
                <line number="21" hits="3" branch="False" />
                <line number="22" hits="3" branch="False" />
                <line number="23" hits="3" branch="False" />
              </lines>
            </method>
          </methods>
          <lines>
            <line number="42" hits="3" branch="False" />
            <line number="43" hits="3" branch="False" />
            <line number="44" hits="3" branch="False" />
            <line number="45" hits="3" branch="True" condition-coverage="50% (1/2)">
              <conditions>
                <condition number="34" type="jump" coverage="50%" />
              </conditions>
            </line>
            <line number="46" hits="0" branch="False" />
            <line number="48" hits="3" branch="False" />
            <line number="50" hits="3" branch="False" />
            <line number="51" hits="3" branch="False" />
            <line number="52" hits="3" branch="False" />
            <line number="53" hits="3" branch="False" />
            <line number="54" hits="3" branch="False" />
            <line number="55" hits="3" branch="False" />
            <line number="56" hits="3" branch="False" />
            <line number="57" hits="3" branch="False" />
            <line number="59" hits="3" branch="False" />
            <line number="60" hits="3" branch="False" />
            <line number="61" hits="3" branch="False" />
            <line number="62" hits="3" branch="False" />
            <line number="63" hits="3" branch="False" />
            <line number="64" hits="3" branch="False" />
            <line number="65" hits="3" branch="False" />
            <line number="66" hits="3" branch="False" />
            <line number="68" hits="3" branch="False" />
            <line number="69" hits="3" branch="False" />
            <line number="70" hits="3" branch="False" />
            <line number="20" hits="3" branch="False" />
            <line number="21" hits="3" branch="False" />
            <line number="22" hits="3" branch="False" />
            <line number="23" hits="3" branch="False" />
          </lines>
        </class>
        <class name="Ambev.DeveloperEvaluation.Common.Logging.CorrelationIdMiddleware" filename="Ambev.DeveloperEvaluation.Common\Logging\CorrelationIdMiddleware.cs" line-rate="1" branch-rate="1" complexity="1">
          <methods>
            <method name=".ctor" signature="(Microsoft.AspNetCore.Http.RequestDelegate)" line-rate="1" branch-rate="1" complexity="1">
              <lines>
                <line number="17" hits="4" branch="False" />
              </lines>
            </method>
          </methods>
          <lines>
            <line number="17" hits="4" branch="False" />
          </lines>
        </class>
        <class name="Ambev.DeveloperEvaluation.Common.Logging.HttpObservabilityMiddleware" filename="Ambev.DeveloperEvaluation.Common\Logging\HttpObservabilityMiddleware.cs" line-rate="1" branch-rate="1" complexity="2">
          <methods>
            <method name=".ctor" signature="(Microsoft.AspNetCore.Http.RequestDelegate,Microsoft.Extensions.Logging.ILogger`1&lt;Ambev.DeveloperEvaluation.Common.Logging.HttpObservabilityMiddleware&gt;)" line-rate="1" branch-rate="1" complexity="1">
              <lines>
                <line number="27" hits="1" branch="False" />
                <line number="28" hits="1" branch="False" />
                <line number="29" hits="1" branch="False" />
                <line number="30" hits="1" branch="False" />
                <line number="31" hits="1" branch="False" />
                <line number="32" hits="1" branch="False" />
                <line number="33" hits="1" branch="False" />
              </lines>
            </method>
            <method name=".cctor" signature="()" line-rate="1" branch-rate="1" complexity="1">
              <lines>
                <line number="14" hits="1" branch="False" />
                <line number="15" hits="1" branch="False" />
                <line number="16" hits="1" branch="False" />
                <line number="17" hits="1" branch="False" />
                <line number="18" hits="1" branch="False" />
                <line number="19" hits="1" branch="False" />
                <line number="20" hits="1" branch="False" />
                <line number="21" hits="1" branch="False" />
                <line number="22" hits="1" branch="False" />
              </lines>
            </method>
          </methods>
          <lines>
            <line number="27" hits="1" branch="False" />
            <line number="28" hits="1" branch="False" />
            <line number="29" hits="1" branch="False" />
            <line number="30" hits="1" branch="False" />
            <line number="31" hits="1" branch="False" />
            <line number="32" hits="1" branch="False" />
            <line number="33" hits="1" branch="False" />
            <line number="14" hits="1" branch="False" />
            <line number="15" hits="1" branch="False" />
            <line number="16" hits="1" branch="False" />
            <line number="17" hits="1" branch="False" />
            <line number="18" hits="1" branch="False" />
            <line number="19" hits="1" branch="False" />
            <line number="20" hits="1" branch="False" />
            <line number="21" hits="1" branch="False" />
            <line number="22" hits="1" branch="False" />
          </lines>
        </class>
        <class name="Ambev.DeveloperEvaluation.Common.Logging.MediatRLoggingBehavior`2" filename="Ambev.DeveloperEvaluation.Common\Logging\MediatRLoggingBehavior.cs" line-rate="0" branch-rate="0" complexity="37">
          <methods>
            <method name="BuildRequestScopeValues" signature="(System.String,TRequest)" line-rate="0" branch-rate="0" complexity="10">
              <lines>
                <line number="72" hits="0" branch="False" />
                <line number="73" hits="0" branch="False" />
                <line number="74" hits="0" branch="False" />
                <line number="75" hits="0" branch="False" />
                <line number="76" hits="0" branch="False" />
                <line number="78" hits="0" branch="True" condition-coverage="0% (0/4)">
                  <conditions>
                    <condition number="46" type="jump" coverage="0%" />
                    <condition number="82" type="jump" coverage="0%" />
                  </conditions>
                </line>
                <line number="79" hits="0" branch="False" />
                <line number="80" hits="0" branch="False" />
                <line number="81" hits="0" branch="False" />
                <line number="83" hits="0" branch="True" condition-coverage="0% (0/2)">
                  <conditions>
                    <condition number="198" type="jump" coverage="0%" />
                  </conditions>
                </line>
                <line number="84" hits="0" branch="False" />
                <line number="85" hits="0" branch="False" />
                <line number="86" hits="0" branch="True" condition-coverage="0% (0/2)">
                  <conditions>
                    <condition number="154" type="jump" coverage="0%" />
                  </conditions>
                </line>
                <line number="87" hits="0" branch="False" />
                <line number="89" hits="0" branch="True" condition-coverage="0% (0/2)">
                  <conditions>
                    <condition number="172" type="jump" coverage="0%" />
                  </conditions>
                </line>
                <line number="90" hits="0" branch="False" />
                <line number="92" hits="0" branch="False" />
                <line number="93" hits="0" branch="False" />
                <line number="95" hits="0" branch="False" />
                <line number="96" hits="0" branch="False" />
              </lines>
            </method>
            <method name="IsRelevantProperty" signature="(System.String)" line-rate="0" branch-rate="0" complexity="12">
              <lines>
                <line number="99" hits="0" branch="True" condition-coverage="0% (0/12)">
                  <conditions>
                    <condition number="12" type="jump" coverage="0%" />
                    <condition number="26" type="jump" coverage="0%" />
                    <condition number="40" type="jump" coverage="0%" />
                    <condition number="54" type="jump" coverage="0%" />
                    <condition number="68" type="jump" coverage="0%" />
                    <condition number="82" type="jump" coverage="0%" />
                  </conditions>
                </line>
                <line number="100" hits="0" branch="False" />
                <line number="101" hits="0" branch="False" />
                <line number="102" hits="0" branch="False" />
                <line number="103" hits="0" branch="False" />
                <line number="104" hits="0" branch="False" />
                <line number="105" hits="0" branch="False" />
              </lines>
            </method>
            <method name="IsSafeScalar" signature="(System.Object)" line-rate="0" branch-rate="0" complexity="14">
              <lines>
                <line number="108" hits="0" branch="False" />
                <line number="109" hits="0" branch="False" />
                <line number="110" hits="0" branch="True" condition-coverage="0% (0/4)">
                  <conditions>
                    <condition number="14" type="jump" coverage="0%" />
                    <condition number="27" type="jump" coverage="0%" />
                  </conditions>
                </line>
                <line number="111" hits="0" branch="False" />
                <line number="113" hits="0" branch="True" condition-coverage="0% (0/10)">
                  <conditions>
                    <condition number="39" type="jump" coverage="0%" />
                    <condition number="47" type="jump" coverage="0%" />
                    <condition number="55" type="jump" coverage="0%" />
                    <condition number="63" type="jump" coverage="0%" />
                    <condition number="79" type="jump" coverage="0%" />
                  </conditions>
                </line>
                <line number="114" hits="0" branch="False" />
                <line number="116" hits="0" branch="False" />
                <line number="117" hits="0" branch="False" />
              </lines>
            </method>
            <method name=".ctor" signature="(Microsoft.Extensions.Logging.ILoggerFactory)" line-rate="0" branch-rate="1" complexity="1">
              <lines>
                <line number="19" hits="0" branch="False" />
                <line number="20" hits="0" branch="False" />
                <line number="21" hits="0" branch="False" />
                <line number="22" hits="0" branch="False" />
              </lines>
            </method>
          </methods>
          <lines>
            <line number="72" hits="0" branch="False" />
            <line number="73" hits="0" branch="False" />
            <line number="74" hits="0" branch="False" />
            <line number="75" hits="0" branch="False" />
            <line number="76" hits="0" branch="False" />
            <line number="78" hits="0" branch="True" condition-coverage="0% (0/4)">
              <conditions>
                <condition number="46" type="jump" coverage="0%" />
                <condition number="82" type="jump" coverage="0%" />
              </conditions>
            </line>
            <line number="79" hits="0" branch="False" />
            <line number="80" hits="0" branch="False" />
            <line number="81" hits="0" branch="False" />
            <line number="83" hits="0" branch="True" condition-coverage="0% (0/2)">
              <conditions>
                <condition number="198" type="jump" coverage="0%" />
              </conditions>
            </line>
            <line number="84" hits="0" branch="False" />
            <line number="85" hits="0" branch="False" />
            <line number="86" hits="0" branch="True" condition-coverage="0% (0/2)">
              <conditions>
                <condition number="154" type="jump" coverage="0%" />
              </conditions>
            </line>
            <line number="87" hits="0" branch="False" />
            <line number="89" hits="0" branch="True" condition-coverage="0% (0/2)">
              <conditions>
                <condition number="172" type="jump" coverage="0%" />
              </conditions>
            </line>
            <line number="90" hits="0" branch="False" />
            <line number="92" hits="0" branch="False" />
            <line number="93" hits="0" branch="False" />
            <line number="95" hits="0" branch="False" />
            <line number="96" hits="0" branch="False" />
            <line number="99" hits="0" branch="True" condition-coverage="0% (0/12)">
              <conditions>
                <condition number="12" type="jump" coverage="0%" />
                <condition number="26" type="jump" coverage="0%" />
                <condition number="40" type="jump" coverage="0%" />
                <condition number="54" type="jump" coverage="0%" />
                <condition number="68" type="jump" coverage="0%" />
                <condition number="82" type="jump" coverage="0%" />
              </conditions>
            </line>
            <line number="100" hits="0" branch="False" />
            <line number="101" hits="0" branch="False" />
            <line number="102" hits="0" branch="False" />
            <line number="103" hits="0" branch="False" />
            <line number="104" hits="0" branch="False" />
            <line number="105" hits="0" branch="False" />
            <line number="108" hits="0" branch="False" />
            <line number="109" hits="0" branch="False" />
            <line number="110" hits="0" branch="True" condition-coverage="0% (0/4)">
              <conditions>
                <condition number="14" type="jump" coverage="0%" />
                <condition number="27" type="jump" coverage="0%" />
              </conditions>
            </line>
            <line number="111" hits="0" branch="False" />
            <line number="113" hits="0" branch="True" condition-coverage="0% (0/10)">
              <conditions>
                <condition number="39" type="jump" coverage="0%" />
                <condition number="47" type="jump" coverage="0%" />
                <condition number="55" type="jump" coverage="0%" />
                <condition number="63" type="jump" coverage="0%" />
                <condition number="79" type="jump" coverage="0%" />
              </conditions>
            </line>
            <line number="114" hits="0" branch="False" />
            <line number="116" hits="0" branch="False" />
            <line number="117" hits="0" branch="False" />
            <line number="19" hits="0" branch="False" />
            <line number="20" hits="0" branch="False" />
            <line number="21" hits="0" branch="False" />
            <line number="22" hits="0" branch="False" />
          </lines>
        </class>
      </classes>
    </package>
    <package name="Ambev.DeveloperEvaluation.Domain" line-rate="0.9954000000000001" branch-rate="0.9677" complexity="88">
      <classes>
        <class name="DomainException" filename="Ambev.DeveloperEvaluation.Domain\Exceptions\DomainException.cs" line-rate="1" branch-rate="1" complexity="2">
          <methods>
            <method name=".ctor" signature="(System.String)" line-rate="1" branch-rate="1" complexity="1">
              <lines>
                <line number="3" hits="14" branch="False" />
                <line number="4" hits="14" branch="False" />
                <line number="5" hits="14" branch="False" />
              </lines>
            </method>
            <method name=".ctor" signature="(System.String,System.Exception)" line-rate="1" branch-rate="1" complexity="1">
              <lines>
                <line number="7" hits="1" branch="False" />
                <line number="8" hits="1" branch="False" />
                <line number="9" hits="1" branch="False" />
              </lines>
            </method>
          </methods>
          <lines>
            <line number="3" hits="14" branch="False" />
            <line number="4" hits="14" branch="False" />
            <line number="5" hits="14" branch="False" />
            <line number="7" hits="1" branch="False" />
            <line number="8" hits="1" branch="False" />
            <line number="9" hits="1" branch="False" />
          </lines>
        </class>
        <class name="Ambev.DeveloperEvaluation.Domain.Validation.AddressGeolocationValidator" filename="Ambev.DeveloperEvaluation.Domain\Validation\AddressGeolocationValidator.cs" line-rate="1" branch-rate="1" complexity="1">
          <methods>
            <method name=".ctor" signature="()" line-rate="1" branch-rate="1" complexity="1">
              <lines>
                <line number="8" hits="32" branch="False" />
                <line number="9" hits="32" branch="False" />
                <line number="10" hits="32" branch="False" />
                <line number="11" hits="32" branch="False" />
                <line number="12" hits="32" branch="False" />
              </lines>
            </method>
          </methods>
          <lines>
            <line number="8" hits="32" branch="False" />
            <line number="9" hits="32" branch="False" />
            <line number="10" hits="32" branch="False" />
            <line number="11" hits="32" branch="False" />
            <line number="12" hits="32" branch="False" />
          </lines>
        </class>
        <class name="Ambev.DeveloperEvaluation.Domain.Validation.EmailValidator" filename="Ambev.DeveloperEvaluation.Domain\Validation\EmailValidator.cs" line-rate="1" branch-rate="1" complexity="3">
          <methods>
            <method name="BeValidEmail" signature="(System.String)" line-rate="1" branch-rate="1" complexity="2">
              <lines>
                <line number="20" hits="49" branch="False" />
                <line number="21" hits="49" branch="True" condition-coverage="100% (2/2)">
                  <conditions>
                    <condition number="9" type="jump" coverage="100%" />
                  </conditions>
                </line>
                <line number="22" hits="7" branch="False" />
                <line number="25" hits="42" branch="False" />
                <line number="26" hits="42" branch="False" />
                <line number="27" hits="49" branch="False" />
              </lines>
            </method>
            <method name=".ctor" signature="()" line-rate="1" branch-rate="1" complexity="1">
              <lines>
                <line number="8" hits="49" branch="False" />
                <line number="9" hits="49" branch="False" />
                <line number="10" hits="49" branch="False" />
                <line number="11" hits="49" branch="False" />
                <line number="12" hits="49" branch="False" />
                <line number="13" hits="49" branch="False" />
                <line number="14" hits="49" branch="False" />
                <line number="15" hits="49" branch="False" />
                <line number="16" hits="49" branch="False" />
                <line number="17" hits="49" branch="False" />
              </lines>
            </method>
          </methods>
          <lines>
            <line number="20" hits="49" branch="False" />
            <line number="21" hits="49" branch="True" condition-coverage="100% (2/2)">
              <conditions>
                <condition number="9" type="jump" coverage="100%" />
              </conditions>
            </line>
            <line number="22" hits="7" branch="False" />
            <line number="25" hits="42" branch="False" />
            <line number="26" hits="42" branch="False" />
            <line number="27" hits="49" branch="False" />
            <line number="8" hits="49" branch="False" />
            <line number="9" hits="49" branch="False" />
            <line number="10" hits="49" branch="False" />
            <line number="11" hits="49" branch="False" />
            <line number="12" hits="49" branch="False" />
            <line number="13" hits="49" branch="False" />
            <line number="14" hits="49" branch="False" />
            <line number="15" hits="49" branch="False" />
            <line number="16" hits="49" branch="False" />
            <line number="17" hits="49" branch="False" />
          </lines>
        </class>
        <class name="Ambev.DeveloperEvaluation.Domain.Validation.PasswordValidator" filename="Ambev.DeveloperEvaluation.Domain\Validation\PasswordValidator.cs" line-rate="1" branch-rate="1" complexity="1">
          <methods>
            <method name=".ctor" signature="()" line-rate="1" branch-rate="1" complexity="1">
              <lines>
                <line number="7" hits="49" branch="False" />
                <line number="8" hits="49" branch="False" />
                <line number="9" hits="49" branch="False" />
                <line number="10" hits="49" branch="False" />
                <line number="11" hits="49" branch="False" />
                <line number="12" hits="49" branch="False" />
                <line number="13" hits="49" branch="False" />
                <line number="14" hits="49" branch="False" />
                <line number="15" hits="49" branch="False" />
                <line number="16" hits="49" branch="False" />
                <line number="17" hits="49" branch="False" />
                <line number="18" hits="49" branch="False" />
                <line number="19" hits="49" branch="False" />
                <line number="20" hits="49" branch="False" />
                <line number="21" hits="49" branch="False" />
                <line number="22" hits="49" branch="False" />
              </lines>
            </method>
          </methods>
          <lines>
            <line number="7" hits="49" branch="False" />
            <line number="8" hits="49" branch="False" />
            <line number="9" hits="49" branch="False" />
            <line number="10" hits="49" branch="False" />
            <line number="11" hits="49" branch="False" />
            <line number="12" hits="49" branch="False" />
            <line number="13" hits="49" branch="False" />
            <line number="14" hits="49" branch="False" />
            <line number="15" hits="49" branch="False" />
            <line number="16" hits="49" branch="False" />
            <line number="17" hits="49" branch="False" />
            <line number="18" hits="49" branch="False" />
            <line number="19" hits="49" branch="False" />
            <line number="20" hits="49" branch="False" />
            <line number="21" hits="49" branch="False" />
            <line number="22" hits="49" branch="False" />
          </lines>
        </class>
        <class name="Ambev.DeveloperEvaluation.Domain.Validation.PhoneValidator" filename="Ambev.DeveloperEvaluation.Domain\Validation\PhoneValidator.cs" line-rate="1" branch-rate="1" complexity="1">
          <methods>
            <method name=".ctor" signature="()" line-rate="1" branch-rate="1" complexity="1">
              <lines>
                <line number="7" hits="13" branch="False" />
                <line number="8" hits="13" branch="False" />
                <line number="9" hits="13" branch="False" />
                <line number="10" hits="13" branch="False" />
                <line number="11" hits="13" branch="False" />
                <line number="12" hits="13" branch="False" />
              </lines>
            </method>
          </methods>
          <lines>
            <line number="7" hits="13" branch="False" />
            <line number="8" hits="13" branch="False" />
            <line number="9" hits="13" branch="False" />
            <line number="10" hits="13" branch="False" />
            <line number="11" hits="13" branch="False" />
            <line number="12" hits="13" branch="False" />
          </lines>
        </class>
        <class name="Ambev.DeveloperEvaluation.Domain.Validation.UserAddressValidator" filename="Ambev.DeveloperEvaluation.Domain\Validation\UserAddressValidator.cs" line-rate="1" branch-rate="1" complexity="1">
          <methods>
            <method name=".ctor" signature="()" line-rate="1" branch-rate="1" complexity="1">
              <lines>
                <line number="8" hits="32" branch="False" />
                <line number="9" hits="32" branch="False" />
                <line number="10" hits="32" branch="False" />
                <line number="11" hits="32" branch="False" />
                <line number="12" hits="32" branch="False" />
                <line number="13" hits="32" branch="False" />
                <line number="14" hits="32" branch="False" />
                <line number="15" hits="32" branch="False" />
              </lines>
            </method>
          </methods>
          <lines>
            <line number="8" hits="32" branch="False" />
            <line number="9" hits="32" branch="False" />
            <line number="10" hits="32" branch="False" />
            <line number="11" hits="32" branch="False" />
            <line number="12" hits="32" branch="False" />
            <line number="13" hits="32" branch="False" />
            <line number="14" hits="32" branch="False" />
            <line number="15" hits="32" branch="False" />
          </lines>
        </class>
        <class name="Ambev.DeveloperEvaluation.Domain.Validation.UserPersonNameValidator" filename="Ambev.DeveloperEvaluation.Domain\Validation\UserPersonNameValidator.cs" line-rate="1" branch-rate="1" complexity="1">
          <methods>
            <method name=".ctor" signature="()" line-rate="1" branch-rate="1" complexity="1">
              <lines>
                <line number="8" hits="32" branch="False" />
                <line number="9" hits="32" branch="False" />
                <line number="10" hits="32" branch="False" />
                <line number="11" hits="32" branch="False" />
                <line number="12" hits="32" branch="False" />
              </lines>
            </method>
          </methods>
          <lines>
            <line number="8" hits="32" branch="False" />
            <line number="9" hits="32" branch="False" />
            <line number="10" hits="32" branch="False" />
            <line number="11" hits="32" branch="False" />
            <line number="12" hits="32" branch="False" />
          </lines>
        </class>
        <class name="Ambev.DeveloperEvaluation.Domain.Validation.UserValidator" filename="Ambev.DeveloperEvaluation.Domain\Validation\UserValidator.cs" line-rate="1" branch-rate="1" complexity="1">
          <methods>
            <method name=".ctor" signature="()" line-rate="1" branch-rate="1" complexity="1">
              <lines>
                <line number="9" hits="15" branch="False" />
                <line number="10" hits="15" branch="False" />
                <line number="11" hits="15" branch="False" />
                <line number="13" hits="15" branch="False" />
                <line number="14" hits="15" branch="False" />
                <line number="15" hits="15" branch="False" />
                <line number="16" hits="15" branch="False" />
                <line number="18" hits="15" branch="False" />
                <line number="20" hits="15" branch="False" />
                <line number="22" hits="15" branch="False" />
                <line number="24" hits="15" branch="False" />
                <line number="25" hits="15" branch="False" />
                <line number="26" hits="15" branch="False" />
                <line number="28" hits="15" branch="False" />
                <line number="29" hits="15" branch="False" />
                <line number="30" hits="15" branch="False" />
                <line number="32" hits="15" branch="False" />
                <line number="33" hits="15" branch="False" />
                <line number="34" hits="15" branch="False" />
                <line number="35" hits="15" branch="False" />
              </lines>
            </method>
          </methods>
          <lines>
            <line number="9" hits="15" branch="False" />
            <line number="10" hits="15" branch="False" />
            <line number="11" hits="15" branch="False" />
            <line number="13" hits="15" branch="False" />
            <line number="14" hits="15" branch="False" />
            <line number="15" hits="15" branch="False" />
            <line number="16" hits="15" branch="False" />
            <line number="18" hits="15" branch="False" />
            <line number="20" hits="15" branch="False" />
            <line number="22" hits="15" branch="False" />
            <line number="24" hits="15" branch="False" />
            <line number="25" hits="15" branch="False" />
            <line number="26" hits="15" branch="False" />
            <line number="28" hits="15" branch="False" />
            <line number="29" hits="15" branch="False" />
            <line number="30" hits="15" branch="False" />
            <line number="32" hits="15" branch="False" />
            <line number="33" hits="15" branch="False" />
            <line number="34" hits="15" branch="False" />
            <line number="35" hits="15" branch="False" />
          </lines>
        </class>
        <class name="Ambev.DeveloperEvaluation.Domain.Specifications.ActiveUserSpecification" filename="Ambev.DeveloperEvaluation.Domain\Specifications\ActiveUserSpecification.cs" line-rate="1" branch-rate="1" complexity="1">
          <methods>
            <method name="IsSatisfiedBy" signature="(Ambev.DeveloperEvaluation.Domain.Entities.User)" line-rate="1" branch-rate="1" complexity="1">
              <lines>
                <line number="9" hits="6" branch="False" />
                <line number="10" hits="6" branch="False" />
                <line number="11" hits="6" branch="False" />
              </lines>
            </method>
          </methods>
          <lines>
            <line number="9" hits="6" branch="False" />
            <line number="10" hits="6" branch="False" />
            <line number="11" hits="6" branch="False" />
          </lines>
        </class>
        <class name="Ambev.DeveloperEvaluation.Domain.Services.QuantityDiscountPolicy" filename="Ambev.DeveloperEvaluation.Domain\Services\QuantityDiscountPolicy.cs" line-rate="1" branch-rate="1" complexity="8">
          <methods>
            <method name="GetDiscountRate" signature="(System.Int32)" line-rate="1" branch-rate="1" complexity="4">
              <lines>
                <line number="12" hits="39" branch="False" />
                <line number="13" hits="39" branch="False" />
                <line number="14" hits="39" branch="True" condition-coverage="100% (2/2)">
                  <conditions>
                    <condition number="14" type="jump" coverage="100%" />
                  </conditions>
                </line>
                <line number="15" hits="28" branch="False" />
                <line number="16" hits="11" branch="True" condition-coverage="100% (2/2)">
                  <conditions>
                    <condition number="34" type="jump" coverage="100%" />
                  </conditions>
                </line>
                <line number="17" hits="6" branch="False" />
                <line number="18" hits="5" branch="False" />
                <line number="19" hits="39" branch="False" />
              </lines>
            </method>
            <method name="ValidateQuantity" signature="(System.Int32)" line-rate="1" branch-rate="1" complexity="4">
              <lines>
                <line number="22" hits="88" branch="False" />
                <line number="23" hits="88" branch="True" condition-coverage="100% (2/2)">
                  <conditions>
                    <condition number="7" type="jump" coverage="100%" />
                  </conditions>
                </line>
                <line number="24" hits="3" branch="False" />
                <line number="25" hits="85" branch="True" condition-coverage="100% (2/2)">
                  <conditions>
                    <condition number="27" type="jump" coverage="100%" />
                  </conditions>
                </line>
                <line number="26" hits="5" branch="False" />
                <line number="27" hits="80" branch="False" />
              </lines>
            </method>
          </methods>
          <lines>
            <line number="12" hits="39" branch="False" />
            <line number="13" hits="39" branch="False" />
            <line number="14" hits="39" branch="True" condition-coverage="100% (2/2)">
              <conditions>
                <condition number="14" type="jump" coverage="100%" />
              </conditions>
            </line>
            <line number="15" hits="28" branch="False" />
            <line number="16" hits="11" branch="True" condition-coverage="100% (2/2)">
              <conditions>
                <condition number="34" type="jump" coverage="100%" />
              </conditions>
            </line>
            <line number="17" hits="6" branch="False" />
            <line number="18" hits="5" branch="False" />
            <line number="19" hits="39" branch="False" />
            <line number="22" hits="88" branch="False" />
            <line number="23" hits="88" branch="True" condition-coverage="100% (2/2)">
              <conditions>
                <condition number="7" type="jump" coverage="100%" />
              </conditions>
            </line>
            <line number="24" hits="3" branch="False" />
            <line number="25" hits="85" branch="True" condition-coverage="100% (2/2)">
              <conditions>
                <condition number="27" type="jump" coverage="100%" />
              </conditions>
            </line>
            <line number="26" hits="5" branch="False" />
            <line number="27" hits="80" branch="False" />
          </lines>
        </class>
        <class name="Ambev.DeveloperEvaluation.Domain.Services.SaleNumberGenerator" filename="Ambev.DeveloperEvaluation.Domain\Services\SaleNumberGenerator.cs" line-rate="1" branch-rate="1" complexity="1">
          <methods>
            <method name="Generate" signature="()" line-rate="1" branch-rate="1" complexity="1">
              <lines>
                <line number="6" hits="13" branch="False" />
                <line number="7" hits="13" branch="False" />
                <line number="8" hits="13" branch="False" />
                <line number="9" hits="13" branch="False" />
              </lines>
            </method>
          </methods>
          <lines>
            <line number="6" hits="13" branch="False" />
            <line number="7" hits="13" branch="False" />
            <line number="8" hits="13" branch="False" />
            <line number="9" hits="13" branch="False" />
          </lines>
        </class>
        <class name="Ambev.DeveloperEvaluation.Domain.Repositories.CartListFilterCriteria" filename="Ambev.DeveloperEvaluation.Domain\Repositories\CartListFilterCriteria.cs" line-rate="1" branch-rate="1" complexity="6">
          <methods>
            <method name="get_HasAny" signature="()" line-rate="1" branch-rate="1" complexity="6">
              <lines>
                <line number="17" hits="9" branch="True" condition-coverage="100% (6/6)">
                  <conditions>
                    <condition number="14" type="jump" coverage="100%" />
                    <condition number="30" type="jump" coverage="100%" />
                    <condition number="46" type="jump" coverage="100%" />
                  </conditions>
                </line>
              </lines>
            </method>
          </methods>
          <lines>
            <line number="17" hits="9" branch="True" condition-coverage="100% (6/6)">
              <conditions>
                <condition number="14" type="jump" coverage="100%" />
                <condition number="30" type="jump" coverage="100%" />
                <condition number="46" type="jump" coverage="100%" />
              </conditions>
            </line>
          </lines>
        </class>
        <class name="Ambev.DeveloperEvaluation.Domain.Repositories.ProductListFilterCriteria" filename="Ambev.DeveloperEvaluation.Domain\Repositories\ProductListFilterCriteria.cs" line-rate="1" branch-rate="1" complexity="30">
          <methods>
            <method name="get_HasAny" signature="()" line-rate="1" branch-rate="1" complexity="30">
              <lines>
                <line number="42" hits="14" branch="True" condition-coverage="100% (30/30)">
                  <conditions>
                    <condition number="14" type="jump" coverage="100%" />
                    <condition number="33" type="jump" coverage="100%" />
                    <condition number="52" type="jump" coverage="100%" />
                    <condition number="71" type="jump" coverage="100%" />
                    <condition number="82" type="jump" coverage="100%" />
                    <condition number="93" type="jump" coverage="100%" />
                    <condition number="104" type="jump" coverage="100%" />
                    <condition number="115" type="jump" coverage="100%" />
                    <condition number="134" type="jump" coverage="100%" />
                    <condition number="150" type="jump" coverage="100%" />
                    <condition number="166" type="jump" coverage="100%" />
                    <condition number="182" type="jump" coverage="100%" />
                    <condition number="198" type="jump" coverage="100%" />
                    <condition number="214" type="jump" coverage="100%" />
                    <condition number="230" type="jump" coverage="100%" />
                  </conditions>
                </line>
                <line number="43" hits="14" branch="False" />
                <line number="44" hits="14" branch="False" />
                <line number="45" hits="14" branch="False" />
              </lines>
            </method>
          </methods>
          <lines>
            <line number="42" hits="14" branch="True" condition-coverage="100% (30/30)">
              <conditions>
                <condition number="14" type="jump" coverage="100%" />
                <condition number="33" type="jump" coverage="100%" />
                <condition number="52" type="jump" coverage="100%" />
                <condition number="71" type="jump" coverage="100%" />
                <condition number="82" type="jump" coverage="100%" />
                <condition number="93" type="jump" coverage="100%" />
                <condition number="104" type="jump" coverage="100%" />
                <condition number="115" type="jump" coverage="100%" />
                <condition number="134" type="jump" coverage="100%" />
                <condition number="150" type="jump" coverage="100%" />
                <condition number="166" type="jump" coverage="100%" />
                <condition number="182" type="jump" coverage="100%" />
                <condition number="198" type="jump" coverage="100%" />
                <condition number="214" type="jump" coverage="100%" />
                <condition number="230" type="jump" coverage="100%" />
              </conditions>
            </line>
            <line number="43" hits="14" branch="False" />
            <line number="44" hits="14" branch="False" />
            <line number="45" hits="14" branch="False" />
          </lines>
        </class>
        <class name="Ambev.DeveloperEvaluation.Domain.Events.UserRegisteredEvent" filename="Ambev.DeveloperEvaluation.Domain\Events\UserRegisteredEvent.cs" line-rate="1" branch-rate="1" complexity="1">
          <methods>
            <method name=".ctor" signature="(Ambev.DeveloperEvaluation.Domain.Entities.User)" line-rate="1" branch-rate="1" complexity="1">
              <lines>
                <line number="9" hits="1" branch="False" />
                <line number="10" hits="1" branch="False" />
                <line number="11" hits="1" branch="False" />
                <line number="12" hits="1" branch="False" />
              </lines>
            </method>
          </methods>
          <lines>
            <line number="9" hits="1" branch="False" />
            <line number="10" hits="1" branch="False" />
            <line number="11" hits="1" branch="False" />
            <line number="12" hits="1" branch="False" />
          </lines>
        </class>
        <class name="Ambev.DeveloperEvaluation.Domain.Entities.Inventory" filename="Ambev.DeveloperEvaluation.Domain\Entities\Inventory.cs" line-rate="0" branch-rate="0" complexity="2">
          <methods>
            <method name="IsStockBelowAlert" signature="()" line-rate="0" branch-rate="0" complexity="2">
              <lines>
                <line number="28" hits="0" branch="True" condition-coverage="0% (0/2)">
                  <conditions>
                    <condition number="7" type="jump" coverage="0%" />
                  </conditions>
                </line>
              </lines>
            </method>
          </methods>
          <lines>
            <line number="28" hits="0" branch="True" condition-coverage="0% (0/2)">
              <conditions>
                <condition number="7" type="jump" coverage="0%" />
              </conditions>
            </line>
          </lines>
        </class>
        <class name="Ambev.DeveloperEvaluation.Domain.Entities.Sale" filename="Ambev.DeveloperEvaluation.Domain\Entities\Sale.cs" line-rate="1" branch-rate="1" complexity="14">
          <methods>
            <method name="Create" signature="(System.DateTime,System.Int32,System.Int32,System.Int32,System.Collections.Generic.IEnumerable`1&lt;Ambev.DeveloperEvaluation.Domain.Entities.SaleItem&gt;,System.String)" line-rate="1" branch-rate="1" complexity="4">
              <lines>
                <line number="38" hits="14" branch="False" />
                <line number="39" hits="14" branch="True" condition-coverage="100% (2/2)">
                  <conditions>
                    <condition number="10" type="jump" coverage="100%" />
                  </conditions>
                </line>
                <line number="40" hits="14" branch="False" />
                <line number="41" hits="14" branch="False" />
                <line number="42" hits="14" branch="False" />
                <line number="43" hits="14" branch="False" />
                <line number="44" hits="14" branch="False" />
                <line number="45" hits="14" branch="False" />
                <line number="46" hits="14" branch="False" />
                <line number="47" hits="14" branch="False" />
                <line number="49" hits="73" branch="True" condition-coverage="100% (2/2)">
                  <conditions>
                    <condition number="129" type="jump" coverage="100%" />
                  </conditions>
                </line>
                <line number="50" hits="16" branch="False" />
                <line number="51" hits="16" branch="False" />
                <line number="52" hits="16" branch="False" />
                <line number="53" hits="15" branch="False" />
                <line number="54" hits="15" branch="False" />
                <line number="56" hits="13" branch="False" />
                <line number="57" hits="13" branch="False" />
                <line number="58" hits="13" branch="False" />
              </lines>
            </method>
            <method name="EnsureNotCancelled" signature="()" line-rate="1" branch-rate="1" complexity="2">
              <lines>
                <line number="61" hits="14" branch="False" />
                <line number="62" hits="14" branch="True" condition-coverage="100% (2/2)">
                  <conditions>
                    <condition number="9" type="jump" coverage="100%" />
                  </conditions>
                </line>
                <line number="63" hits="3" branch="False" />
                <line number="64" hits="11" branch="False" />
              </lines>
            </method>
            <method name="ReplaceItems" signature="(System.Collections.Generic.IEnumerable`1&lt;Ambev.DeveloperEvaluation.Domain.Entities.SaleItem&gt;)" line-rate="1" branch-rate="1" complexity="2">
              <lines>
                <line number="67" hits="2" branch="False" />
                <line number="68" hits="2" branch="False" />
                <line number="69" hits="1" branch="False" />
                <line number="70" hits="5" branch="True" condition-coverage="100% (2/2)">
                  <conditions>
                    <condition number="86" type="jump" coverage="100%" />
                  </conditions>
                </line>
                <line number="71" hits="1" branch="False" />
                <line number="72" hits="1" branch="False" />
                <line number="73" hits="1" branch="False" />
                <line number="74" hits="1" branch="False" />
                <line number="75" hits="1" branch="False" />
                <line number="76" hits="1" branch="False" />
                <line number="78" hits="1" branch="False" />
                <line number="79" hits="1" branch="False" />
              </lines>
            </method>
            <method name="UpdateHeader" signature="(System.DateTime,System.Int32,System.Int32)" line-rate="1" branch-rate="1" complexity="1">
              <lines>
                <line number="82" hits="8" branch="False" />
                <line number="83" hits="8" branch="False" />
                <line number="84" hits="7" branch="False" />
                <line number="85" hits="7" branch="False" />
                <line number="86" hits="7" branch="False" />
                <line number="87" hits="7" branch="False" />
              </lines>
            </method>
            <method name="ChangeCart" signature="(System.Int32)" line-rate="1" branch-rate="1" complexity="2">
              <lines>
                <line number="95" hits="3" branch="False" />
                <line number="96" hits="3" branch="False" />
                <line number="97" hits="3" branch="True" condition-coverage="100% (2/2)">
                  <conditions>
                    <condition number="17" type="jump" coverage="100%" />
                  </conditions>
                </line>
                <line number="98" hits="2" branch="False" />
                <line number="99" hits="1" branch="False" />
                <line number="100" hits="1" branch="False" />
              </lines>
            </method>
            <method name="Cancel" signature="()" line-rate="1" branch-rate="1" complexity="2">
              <lines>
                <line number="103" hits="4" branch="False" />
                <line number="104" hits="4" branch="True" condition-coverage="100% (2/2)">
                  <conditions>
                    <condition number="9" type="jump" coverage="100%" />
                  </conditions>
                </line>
                <line number="105" hits="1" branch="False" />
                <line number="106" hits="3" branch="False" />
                <line number="107" hits="3" branch="False" />
                <line number="108" hits="4" branch="False" />
              </lines>
            </method>
            <method name="RefreshTotal" signature="()" line-rate="1" branch-rate="1" complexity="1">
              <lines>
                <line number="111" hits="15" branch="False" />
                <line number="112" hits="15" branch="False" />
                <line number="113" hits="15" branch="False" />
                <line number="114" hits="15" branch="False" />
                <line number="115" hits="15" branch="False" />
                <line number="116" hits="15" branch="False" />
              </lines>
            </method>
          </methods>
          <lines>
            <line number="38" hits="14" branch="False" />
            <line number="39" hits="14" branch="True" condition-coverage="100% (2/2)">
              <conditions>
                <condition number="10" type="jump" coverage="100%" />
              </conditions>
            </line>
            <line number="40" hits="14" branch="False" />
            <line number="41" hits="14" branch="False" />
            <line number="42" hits="14" branch="False" />
            <line number="43" hits="14" branch="False" />
            <line number="44" hits="14" branch="False" />
            <line number="45" hits="14" branch="False" />
            <line number="46" hits="14" branch="False" />
            <line number="47" hits="14" branch="False" />
            <line number="49" hits="73" branch="True" condition-coverage="100% (2/2)">
              <conditions>
                <condition number="129" type="jump" coverage="100%" />
              </conditions>
            </line>
            <line number="50" hits="16" branch="False" />
            <line number="51" hits="16" branch="False" />
            <line number="52" hits="16" branch="False" />
            <line number="53" hits="15" branch="False" />
            <line number="54" hits="15" branch="False" />
            <line number="56" hits="13" branch="False" />
            <line number="57" hits="13" branch="False" />
            <line number="58" hits="13" branch="False" />
            <line number="61" hits="14" branch="False" />
            <line number="62" hits="14" branch="True" condition-coverage="100% (2/2)">
              <conditions>
                <condition number="9" type="jump" coverage="100%" />
              </conditions>
            </line>
            <line number="63" hits="3" branch="False" />
            <line number="64" hits="11" branch="False" />
            <line number="67" hits="2" branch="False" />
            <line number="68" hits="2" branch="False" />
            <line number="69" hits="1" branch="False" />
            <line number="70" hits="5" branch="True" condition-coverage="100% (2/2)">
              <conditions>
                <condition number="86" type="jump" coverage="100%" />
              </conditions>
            </line>
            <line number="71" hits="1" branch="False" />
            <line number="72" hits="1" branch="False" />
            <line number="73" hits="1" branch="False" />
            <line number="74" hits="1" branch="False" />
            <line number="75" hits="1" branch="False" />
            <line number="76" hits="1" branch="False" />
            <line number="78" hits="1" branch="False" />
            <line number="79" hits="1" branch="False" />
            <line number="82" hits="8" branch="False" />
            <line number="83" hits="8" branch="False" />
            <line number="84" hits="7" branch="False" />
            <line number="85" hits="7" branch="False" />
            <line number="86" hits="7" branch="False" />
            <line number="87" hits="7" branch="False" />
            <line number="95" hits="3" branch="False" />
            <line number="96" hits="3" branch="False" />
            <line number="97" hits="3" branch="True" condition-coverage="100% (2/2)">
              <conditions>
                <condition number="17" type="jump" coverage="100%" />
              </conditions>
            </line>
            <line number="98" hits="2" branch="False" />
            <line number="99" hits="1" branch="False" />
            <line number="100" hits="1" branch="False" />
            <line number="103" hits="4" branch="False" />
            <line number="104" hits="4" branch="True" condition-coverage="100% (2/2)">
              <conditions>
                <condition number="9" type="jump" coverage="100%" />
              </conditions>
            </line>
            <line number="105" hits="1" branch="False" />
            <line number="106" hits="3" branch="False" />
            <line number="107" hits="3" branch="False" />
            <line number="108" hits="4" branch="False" />
            <line number="111" hits="15" branch="False" />
            <line number="112" hits="15" branch="False" />
            <line number="113" hits="15" branch="False" />
            <line number="114" hits="15" branch="False" />
            <line number="115" hits="15" branch="False" />
            <line number="116" hits="15" branch="False" />
          </lines>
        </class>
        <class name="Ambev.DeveloperEvaluation.Domain.Entities.SaleItem" filename="Ambev.DeveloperEvaluation.Domain\Entities\SaleItem.cs" line-rate="1" branch-rate="1" complexity="1">
          <methods>
            <method name="RecalculatePricing" signature="()" line-rate="1" branch-rate="1" complexity="1">
              <lines>
                <line number="27" hits="37" branch="False" />
                <line number="28" hits="37" branch="False" />
                <line number="29" hits="33" branch="False" />
                <line number="30" hits="33" branch="False" />
                <line number="31" hits="33" branch="False" />
                <line number="32" hits="33" branch="False" />
                <line number="33" hits="33" branch="False" />
              </lines>
            </method>
          </methods>
          <lines>
            <line number="27" hits="37" branch="False" />
            <line number="28" hits="37" branch="False" />
            <line number="29" hits="33" branch="False" />
            <line number="30" hits="33" branch="False" />
            <line number="31" hits="33" branch="False" />
            <line number="32" hits="33" branch="False" />
            <line number="33" hits="33" branch="False" />
          </lines>
        </class>
        <class name="Ambev.DeveloperEvaluation.Domain.Entities.User" filename="Ambev.DeveloperEvaluation.Domain\Entities\User.cs" line-rate="1" branch-rate="1" complexity="10">
          <methods>
            <method name="Ambev.DeveloperEvaluation.Common.Security.IUser.get_Id" signature="()" line-rate="1" branch-rate="1" complexity="1">
              <lines>
                <line number="42" hits="1" branch="False" />
              </lines>
            </method>
            <method name="Ambev.DeveloperEvaluation.Common.Security.IUser.get_Username" signature="()" line-rate="1" branch-rate="1" complexity="1">
              <lines>
                <line number="44" hits="1" branch="False" />
              </lines>
            </method>
            <method name="Ambev.DeveloperEvaluation.Common.Security.IUser.get_Role" signature="()" line-rate="1" branch-rate="1" complexity="1">
              <lines>
                <line number="46" hits="1" branch="False" />
              </lines>
            </method>
            <method name="Ambev.DeveloperEvaluation.Common.Security.IUser.get_Email" signature="()" line-rate="1" branch-rate="1" complexity="1">
              <lines>
                <line number="48" hits="1" branch="False" />
              </lines>
            </method>
            <method name="Ambev.DeveloperEvaluation.Common.Security.IUser.get_Status" signature="()" line-rate="1" branch-rate="1" complexity="1">
              <lines>
                <line number="50" hits="1" branch="False" />
              </lines>
            </method>
            <method name="Validate" signature="()" line-rate="1" branch-rate="1" complexity="1">
              <lines>
                <line number="58" hits="6" branch="False" />
                <line number="59" hits="6" branch="False" />
                <line number="60" hits="6" branch="False" />
                <line number="61" hits="6" branch="False" />
                <line number="62" hits="6" branch="False" />
                <line number="63" hits="6" branch="False" />
                <line number="64" hits="6" branch="False" />
                <line number="65" hits="6" branch="False" />
                <line number="66" hits="6" branch="False" />
              </lines>
            </method>
            <method name="Activate" signature="()" line-rate="1" branch-rate="1" complexity="1">
              <lines>
                <line number="69" hits="2" branch="False" />
                <line number="70" hits="2" branch="False" />
                <line number="71" hits="2" branch="False" />
                <line number="72" hits="2" branch="False" />
              </lines>
            </method>
            <method name="Deactivate" signature="()" line-rate="1" branch-rate="1" complexity="1">
              <lines>
                <line number="75" hits="1" branch="False" />
                <line number="76" hits="1" branch="False" />
                <line number="77" hits="1" branch="False" />
                <line number="78" hits="1" branch="False" />
              </lines>
            </method>
            <method name="Suspend" signature="()" line-rate="1" branch-rate="1" complexity="1">
              <lines>
                <line number="81" hits="2" branch="False" />
                <line number="82" hits="2" branch="False" />
                <line number="83" hits="2" branch="False" />
                <line number="84" hits="2" branch="False" />
              </lines>
            </method>
            <method name=".ctor" signature="()" line-rate="1" branch-rate="1" complexity="1">
              <lines>
                <line number="52" hits="43" branch="False" />
                <line number="53" hits="43" branch="False" />
                <line number="54" hits="43" branch="False" />
                <line number="55" hits="43" branch="False" />
              </lines>
            </method>
          </methods>
          <lines>
            <line number="42" hits="1" branch="False" />
            <line number="44" hits="1" branch="False" />
            <line number="46" hits="1" branch="False" />
            <line number="48" hits="1" branch="False" />
            <line number="50" hits="1" branch="False" />
            <line number="58" hits="6" branch="False" />
            <line number="59" hits="6" branch="False" />
            <line number="60" hits="6" branch="False" />
            <line number="61" hits="6" branch="False" />
            <line number="62" hits="6" branch="False" />
            <line number="63" hits="6" branch="False" />
            <line number="64" hits="6" branch="False" />
            <line number="65" hits="6" branch="False" />
            <line number="66" hits="6" branch="False" />
            <line number="69" hits="2" branch="False" />
            <line number="70" hits="2" branch="False" />
            <line number="71" hits="2" branch="False" />
            <line number="72" hits="2" branch="False" />
            <line number="75" hits="1" branch="False" />
            <line number="76" hits="1" branch="False" />
            <line number="77" hits="1" branch="False" />
            <line number="78" hits="1" branch="False" />
            <line number="81" hits="2" branch="False" />
            <line number="82" hits="2" branch="False" />
            <line number="83" hits="2" branch="False" />
            <line number="84" hits="2" branch="False" />
            <line number="52" hits="43" branch="False" />
            <line number="53" hits="43" branch="False" />
            <line number="54" hits="43" branch="False" />
            <line number="55" hits="43" branch="False" />
          </lines>
        </class>
        <class name="Ambev.DeveloperEvaluation.Domain.Common.BaseEntity" filename="Ambev.DeveloperEvaluation.Domain\Common\BaseEntity.cs" line-rate="1" branch-rate="1" complexity="3">
          <methods>
            <method name="ValidateAsync" signature="()" line-rate="1" branch-rate="1" complexity="1">
              <lines>
                <line number="10" hits="1" branch="False" />
                <line number="11" hits="1" branch="False" />
                <line number="12" hits="1" branch="False" />
              </lines>
            </method>
            <method name="CompareTo" signature="(Ambev.DeveloperEvaluation.Domain.Common.BaseEntity)" line-rate="1" branch-rate="1" complexity="2">
              <lines>
                <line number="15" hits="4" branch="False" />
                <line number="16" hits="4" branch="True" condition-coverage="100% (2/2)">
                  <conditions>
                    <condition number="7" type="jump" coverage="100%" />
                  </conditions>
                </line>
                <line number="17" hits="1" branch="False" />
                <line number="18" hits="1" branch="False" />
                <line number="21" hits="3" branch="False" />
                <line number="22" hits="4" branch="False" />
              </lines>
            </method>
          </methods>
          <lines>
            <line number="10" hits="1" branch="False" />
            <line number="11" hits="1" branch="False" />
            <line number="12" hits="1" branch="False" />
            <line number="15" hits="4" branch="False" />
            <line number="16" hits="4" branch="True" condition-coverage="100% (2/2)">
              <conditions>
                <condition number="7" type="jump" coverage="100%" />
              </conditions>
            </line>
            <line number="17" hits="1" branch="False" />
            <line number="18" hits="1" branch="False" />
            <line number="21" hits="3" branch="False" />
            <line number="22" hits="4" branch="False" />
          </lines>
        </class>
      </classes>
    </package>
    <package name="Ambev.DeveloperEvaluation.WebApi" line-rate="0.4746" branch-rate="0.2777" complexity="206">
      <classes>
        <class name="Ambev.DeveloperEvaluation.WebApi.StockAlert.MailjetStockAlertEmailService" filename="Ambev.DeveloperEvaluation.WebApi\StockAlert\MailjetStockAlertEmailService.cs" line-rate="0" branch-rate="0" complexity="7">
          <methods>
            <method name="BuildHtmlBody" signature="(System.Collections.Generic.IReadOnlyList`1&lt;Ambev.DeveloperEvaluation.Domain.Entities.Inventory&gt;)" line-rate="0" branch-rate="0" complexity="6">
              <lines>
                <line number="108" hits="0" branch="False" />
                <line number="109" hits="0" branch="False" />
                <line number="110" hits="0" branch="True" condition-coverage="0% (0/2)">
                  <conditions>
                    <condition number="251" type="jump" coverage="0%" />
                  </conditions>
                </line>
                <line number="111" hits="0" branch="False" />
                <line number="112" hits="0" branch="True" condition-coverage="0% (0/4)">
                  <conditions>
                    <condition number="35" type="jump" coverage="0%" />
                    <condition number="47" type="jump" coverage="0%" />
                  </conditions>
                </line>
                <line number="113" hits="0" branch="False" />
                <line number="114" hits="0" branch="False" />
                <line number="115" hits="0" branch="False" />
                <line number="116" hits="0" branch="False" />
                <line number="117" hits="0" branch="False" />
                <line number="118" hits="0" branch="False" />
                <line number="119" hits="0" branch="False" />
                <line number="120" hits="0" branch="False" />
                <line number="121" hits="0" branch="False" />
                <line number="123" hits="0" branch="False" />
                <line number="124" hits="0" branch="False" />
                <line number="125" hits="0" branch="False" />
                <line number="126" hits="0" branch="False" />
                <line number="127" hits="0" branch="False" />
                <line number="128" hits="0" branch="False" />
                <line number="129" hits="0" branch="False" />
                <line number="130" hits="0" branch="False" />
                <line number="131" hits="0" branch="False" />
                <line number="132" hits="0" branch="False" />
                <line number="133" hits="0" branch="False" />
                <line number="134" hits="0" branch="False" />
                <line number="135" hits="0" branch="False" />
                <line number="136" hits="0" branch="False" />
                <line number="137" hits="0" branch="False" />
                <line number="138" hits="0" branch="False" />
                <line number="139" hits="0" branch="False" />
                <line number="140" hits="0" branch="False" />
                <line number="141" hits="0" branch="False" />
                <line number="142" hits="0" branch="False" />
                <line number="143" hits="0" branch="False" />
                <line number="144" hits="0" branch="False" />
                <line number="145" hits="0" branch="False" />
                <line number="146" hits="0" branch="False" />
                <line number="147" hits="0" branch="False" />
                <line number="148" hits="0" branch="False" />
                <line number="149" hits="0" branch="False" />
              </lines>
            </method>
            <method name=".ctor" signature="(System.Net.Http.HttpClient,Microsoft.Extensions.Options.IOptions`1&lt;Ambev.DeveloperEvaluation.WebApi.StockAlert.StockAlertOptions&gt;,Microsoft.Extensions.Logging.ILogger`1&lt;Ambev.DeveloperEvaluation.WebApi.StockAlert.MailjetStockAlertEmailService&gt;)" line-rate="0" branch-rate="1" complexity="1">
              <lines>
                <line number="25" hits="0" branch="False" />
                <line number="26" hits="0" branch="False" />
                <line number="27" hits="0" branch="False" />
                <line number="28" hits="0" branch="False" />
                <line number="29" hits="0" branch="False" />
                <line number="30" hits="0" branch="False" />
                <line number="31" hits="0" branch="False" />
                <line number="32" hits="0" branch="False" />
                <line number="33" hits="0" branch="False" />
              </lines>
            </method>
          </methods>
          <lines>
            <line number="108" hits="0" branch="False" />
            <line number="109" hits="0" branch="False" />
            <line number="110" hits="0" branch="True" condition-coverage="0% (0/2)">
              <conditions>
                <condition number="251" type="jump" coverage="0%" />
              </conditions>
            </line>
            <line number="111" hits="0" branch="False" />
            <line number="112" hits="0" branch="True" condition-coverage="0% (0/4)">
              <conditions>
                <condition number="35" type="jump" coverage="0%" />
                <condition number="47" type="jump" coverage="0%" />
              </conditions>
            </line>
            <line number="113" hits="0" branch="False" />
            <line number="114" hits="0" branch="False" />
            <line number="115" hits="0" branch="False" />
            <line number="116" hits="0" branch="False" />
            <line number="117" hits="0" branch="False" />
            <line number="118" hits="0" branch="False" />
            <line number="119" hits="0" branch="False" />
            <line number="120" hits="0" branch="False" />
            <line number="121" hits="0" branch="False" />
            <line number="123" hits="0" branch="False" />
            <line number="124" hits="0" branch="False" />
            <line number="125" hits="0" branch="False" />
            <line number="126" hits="0" branch="False" />
            <line number="127" hits="0" branch="False" />
            <line number="128" hits="0" branch="False" />
            <line number="129" hits="0" branch="False" />
            <line number="130" hits="0" branch="False" />
            <line number="131" hits="0" branch="False" />
            <line number="132" hits="0" branch="False" />
            <line number="133" hits="0" branch="False" />
            <line number="134" hits="0" branch="False" />
            <line number="135" hits="0" branch="False" />
            <line number="136" hits="0" branch="False" />
            <line number="137" hits="0" branch="False" />
            <line number="138" hits="0" branch="False" />
            <line number="139" hits="0" branch="False" />
            <line number="140" hits="0" branch="False" />
            <line number="141" hits="0" branch="False" />
            <line number="142" hits="0" branch="False" />
            <line number="143" hits="0" branch="False" />
            <line number="144" hits="0" branch="False" />
            <line number="145" hits="0" branch="False" />
            <line number="146" hits="0" branch="False" />
            <line number="147" hits="0" branch="False" />
            <line number="148" hits="0" branch="False" />
            <line number="149" hits="0" branch="False" />
            <line number="25" hits="0" branch="False" />
            <line number="26" hits="0" branch="False" />
            <line number="27" hits="0" branch="False" />
            <line number="28" hits="0" branch="False" />
            <line number="29" hits="0" branch="False" />
            <line number="30" hits="0" branch="False" />
            <line number="31" hits="0" branch="False" />
            <line number="32" hits="0" branch="False" />
            <line number="33" hits="0" branch="False" />
          </lines>
        </class>
        <class name="Ambev.DeveloperEvaluation.WebApi.StockAlert.StockAlertHostedService" filename="Ambev.DeveloperEvaluation.WebApi\StockAlert\StockAlertHostedService.cs" line-rate="0" branch-rate="1" complexity="1">
          <methods>
            <method name=".ctor" signature="(Microsoft.Extensions.DependencyInjection.IServiceScopeFactory,Microsoft.Extensions.Options.IOptions`1&lt;Ambev.DeveloperEvaluation.WebApi.StockAlert.StockAlertOptions&gt;,Microsoft.Extensions.Logging.ILogger`1&lt;Ambev.DeveloperEvaluation.WebApi.StockAlert.StockAlertHostedService&gt;)" line-rate="0" branch-rate="1" complexity="1">
              <lines>
                <line number="19" hits="0" branch="False" />
                <line number="20" hits="0" branch="False" />
                <line number="21" hits="0" branch="False" />
                <line number="22" hits="0" branch="False" />
                <line number="23" hits="0" branch="False" />
                <line number="24" hits="0" branch="False" />
                <line number="25" hits="0" branch="False" />
                <line number="26" hits="0" branch="False" />
                <line number="27" hits="0" branch="False" />
              </lines>
            </method>
          </methods>
          <lines>
            <line number="19" hits="0" branch="False" />
            <line number="20" hits="0" branch="False" />
            <line number="21" hits="0" branch="False" />
            <line number="22" hits="0" branch="False" />
            <line number="23" hits="0" branch="False" />
[...]
                <line number="170" hits="0" branch="False" />
                <line number="171" hits="0" branch="False" />
                <line number="172" hits="0" branch="False" />
                <line number="173" hits="0" branch="False" />
                <line number="174" hits="0" branch="False" />
                <line number="175" hits="0" branch="False" />
                <line number="176" hits="0" branch="False" />
                <line number="178" hits="0" branch="False" />
                <line number="179" hits="0" branch="False" />
              </lines>
            </method>
          </methods>
          <lines>
            <line number="24" hits="0" branch="False" />
            <line number="25" hits="0" branch="False" />
            <line number="27" hits="0" branch="False" />
            <line number="28" hits="0" branch="False" />
            <line number="29" hits="0" branch="False" />
            <line number="30" hits="0" branch="False" />
            <line number="31" hits="0" branch="False" />
            <line number="32" hits="0" branch="False" />
            <line number="34" hits="0" branch="False" />
            <line number="35" hits="0" branch="False" />
            <line number="37" hits="0" branch="False" />
            <line number="38" hits="0" branch="False" />
            <line number="41" hits="0" branch="False" />
            <line number="42" hits="0" branch="False" />
            <line number="43" hits="0" branch="False" />
            <line number="44" hits="0" branch="False" />
            <line number="45" hits="0" branch="False" />
            <line number="46" hits="0" branch="False" />
            <line number="47" hits="0" branch="False" />
            <line number="49" hits="0" branch="False" />
            <line number="50" hits="0" branch="False" />
            <line number="51" hits="0" branch="False" />
            <line number="53" hits="0" branch="False" />
            <line number="54" hits="0" branch="False" />
            <line number="55" hits="0" branch="False" />
            <line number="57" hits="0" branch="False" />
            <line number="58" hits="0" branch="False" />
            <line number="61" hits="0" branch="False" />
            <line number="62" hits="0" branch="False" />
            <line number="63" hits="0" branch="False" />
            <line number="64" hits="0" branch="False" />
            <line number="65" hits="0" branch="False" />
            <line number="66" hits="0" branch="False" />
            <line number="67" hits="0" branch="False" />
            <line number="68" hits="0" branch="False" />
            <line number="70" hits="0" branch="False" />
            <line number="71" hits="0" branch="False" />
            <line number="74" hits="0" branch="False" />
            <line number="75" hits="0" branch="False" />
            <line number="76" hits="0" branch="False" />
            <line number="77" hits="0" branch="False" />
            <line number="78" hits="0" branch="False" />
            <line number="79" hits="0" branch="False" />
            <line number="80" hits="0" branch="False" />
            <line number="81" hits="0" branch="False" />
            <line number="82" hits="0" branch="False" />
            <line number="83" hits="0" branch="False" />
            <line number="84" hits="0" branch="False" />
            <line number="85" hits="0" branch="False" />
            <line number="86" hits="0" branch="False" />
            <line number="87" hits="0" branch="False" />
            <line number="88" hits="0" branch="False" />
            <line number="89" hits="0" branch="False" />
            <line number="90" hits="0" branch="False" />
            <line number="91" hits="0" branch="False" />
            <line number="92" hits="0" branch="False" />
            <line number="93" hits="0" branch="False" />
            <line number="94" hits="0" branch="False" />
            <line number="95" hits="0" branch="False" />
            <line number="96" hits="0" branch="False" />
            <line number="97" hits="0" branch="False" />
            <line number="98" hits="0" branch="False" />
            <line number="99" hits="0" branch="False" />
            <line number="100" hits="0" branch="False" />
            <line number="101" hits="0" branch="False" />
            <line number="102" hits="0" branch="False" />
            <line number="103" hits="0" branch="False" />
            <line number="104" hits="0" branch="False" />
            <line number="105" hits="0" branch="False" />
            <line number="106" hits="0" branch="False" />
            <line number="107" hits="0" branch="False" />
            <line number="108" hits="0" branch="False" />
            <line number="109" hits="0" branch="False" />
            <line number="110" hits="0" branch="False" />
            <line number="111" hits="0" branch="False" />
            <line number="112" hits="0" branch="False" />
            <line number="113" hits="0" branch="False" />
            <line number="114" hits="0" branch="False" />
            <line number="115" hits="0" branch="False" />
            <line number="116" hits="0" branch="False" />
            <line number="117" hits="0" branch="False" />
            <line number="118" hits="0" branch="False" />
            <line number="119" hits="0" branch="False" />
            <line number="120" hits="0" branch="False" />
            <line number="122" hits="0" branch="False" />
            <line number="123" hits="0" branch="False" />
            <line number="126" hits="0" branch="False" />
            <line number="127" hits="0" branch="False" />
            <line number="128" hits="0" branch="False" />
            <line number="129" hits="0" branch="False" />
            <line number="130" hits="0" branch="False" />
            <line number="131" hits="0" branch="False" />
            <line number="132" hits="0" branch="False" />
            <line number="134" hits="0" branch="False" />
            <line number="135" hits="0" branch="False" />
            <line number="136" hits="0" branch="False" />
            <line number="137" hits="0" branch="False" />
            <line number="138" hits="0" branch="False" />
            <line number="139" hits="0" branch="False" />
            <line number="140" hits="0" branch="False" />
            <line number="141" hits="0" branch="False" />
            <line number="142" hits="0" branch="False" />
            <line number="143" hits="0" branch="False" />
            <line number="144" hits="0" branch="False" />
            <line number="145" hits="0" branch="False" />
            <line number="146" hits="0" branch="False" />
            <line number="147" hits="0" branch="False" />
            <line number="148" hits="0" branch="False" />
            <line number="149" hits="0" branch="False" />
            <line number="150" hits="0" branch="False" />
            <line number="151" hits="0" branch="False" />
            <line number="152" hits="0" branch="False" />
            <line number="153" hits="0" branch="False" />
            <line number="154" hits="0" branch="False" />
            <line number="156" hits="0" branch="False" />
            <line number="157" hits="0" branch="False" />
            <line number="159" hits="0" branch="False" />
            <line number="160" hits="0" branch="False" />
            <line number="163" hits="0" branch="False" />
            <line number="164" hits="0" branch="False" />
            <line number="165" hits="0" branch="False" />
            <line number="166" hits="0" branch="False" />
            <line number="167" hits="0" branch="False" />
            <line number="168" hits="0" branch="False" />
            <line number="169" hits="0" branch="False" />
            <line number="170" hits="0" branch="False" />
            <line number="171" hits="0" branch="False" />
            <line number="172" hits="0" branch="False" />
            <line number="173" hits="0" branch="False" />
            <line number="174" hits="0" branch="False" />
            <line number="175" hits="0" branch="False" />
            <line number="176" hits="0" branch="False" />
            <line number="178" hits="0" branch="False" />
            <line number="179" hits="0" branch="False" />
          </lines>
        </class>
        <class name="Ambev.DeveloperEvaluation.WebApi.Common.ApiErrorResponse" filename="Ambev.DeveloperEvaluation.WebApi\Common\ApiErrorResponse.cs" line-rate="1" branch-rate="1" complexity="5">
          <methods>
            <method name="FromValidationFailures" signature="(System.Collections.Generic.IEnumerable`1&lt;FluentValidation.Results.ValidationFailure&gt;)" line-rate="1" branch-rate="1" complexity="2">
              <lines>
                <line number="15" hits="31" branch="False" />
                <line number="16" hits="31" branch="False" />
                <line number="17" hits="31" branch="False" />
                <line number="18" hits="31" branch="False" />
                <line number="19" hits="31" branch="False" />
                <line number="20" hits="31" branch="True" condition-coverage="100% (2/2)">
                  <conditions>
                    <condition number="87" type="jump" coverage="100%" />
                  </conditions>
                </line>
                <line number="21" hits="31" branch="False" />
                <line number="22" hits="31" branch="False" />
                <line number="23" hits="31" branch="False" />
                <line number="24" hits="31" branch="False" />
                <line number="25" hits="31" branch="False" />
                <line number="26" hits="31" branch="False" />
                <line number="27" hits="31" branch="False" />
              </lines>
            </method>
            <method name="ValidationDetail" signature="(System.String)" line-rate="1" branch-rate="1" complexity="1">
              <lines>
                <line number="30" hits="1" branch="False" />
                <line number="31" hits="1" branch="False" />
                <line number="32" hits="1" branch="False" />
                <line number="33" hits="1" branch="False" />
                <line number="34" hits="1" branch="False" />
                <line number="35" hits="1" branch="False" />
              </lines>
            </method>
            <method name="ResourceNotFound" signature="(System.String,System.String)" line-rate="1" branch-rate="1" complexity="1">
              <lines>
                <line number="38" hits="21" branch="False" />
                <line number="39" hits="21" branch="False" />
                <line number="40" hits="21" branch="False" />
                <line number="41" hits="21" branch="False" />
                <line number="42" hits="21" branch="False" />
                <line number="43" hits="21" branch="False" />
              </lines>
            </method>
            <method name="Authentication" signature="(System.String,System.String)" line-rate="1" branch-rate="1" complexity="1">
              <lines>
                <line number="46" hits="2" branch="False" />
                <line number="47" hits="2" branch="False" />
                <line number="48" hits="2" branch="False" />
                <line number="49" hits="2" branch="False" />
                <line number="50" hits="2" branch="False" />
                <line number="51" hits="2" branch="False" />
              </lines>
            </method>
          </methods>
          <lines>
            <line number="15" hits="31" branch="False" />
            <line number="16" hits="31" branch="False" />
            <line number="17" hits="31" branch="False" />
            <line number="18" hits="31" branch="False" />
            <line number="19" hits="31" branch="False" />
            <line number="20" hits="31" branch="True" condition-coverage="100% (2/2)">
              <conditions>
                <condition number="87" type="jump" coverage="100%" />
              </conditions>
            </line>
            <line number="21" hits="31" branch="False" />
            <line number="22" hits="31" branch="False" />
            <line number="23" hits="31" branch="False" />
            <line number="24" hits="31" branch="False" />
            <line number="25" hits="31" branch="False" />
            <line number="26" hits="31" branch="False" />
            <line number="27" hits="31" branch="False" />
            <line number="30" hits="1" branch="False" />
            <line number="31" hits="1" branch="False" />
            <line number="32" hits="1" branch="False" />
            <line number="33" hits="1" branch="False" />
            <line number="34" hits="1" branch="False" />
            <line number="35" hits="1" branch="False" />
            <line number="38" hits="21" branch="False" />
            <line number="39" hits="21" branch="False" />
            <line number="40" hits="21" branch="False" />
            <line number="41" hits="21" branch="False" />
            <line number="42" hits="21" branch="False" />
            <line number="43" hits="21" branch="False" />
            <line number="46" hits="2" branch="False" />
            <line number="47" hits="2" branch="False" />
            <line number="48" hits="2" branch="False" />
            <line number="49" hits="2" branch="False" />
            <line number="50" hits="2" branch="False" />
            <line number="51" hits="2" branch="False" />
          </lines>
        </class>
        <class name="Ambev.DeveloperEvaluation.WebApi.Common.BaseController" filename="Ambev.DeveloperEvaluation.WebApi\Common\BaseController.cs" line-rate="1" branch-rate="1" complexity="13">
          <methods>
            <method name="GetCurrentUserId" signature="()" line-rate="1" branch-rate="1" complexity="4">
              <lines>
                <line number="11" hits="2" branch="True" condition-coverage="100% (4/4)">
                  <conditions>
                    <condition number="17" type="jump" coverage="100%" />
                    <condition number="29" type="jump" coverage="100%" />
                  </conditions>
                </line>
              </lines>
            </method>
            <method name="GetCurrentUserEmail" signature="()" line-rate="1" branch-rate="1" complexity="4">
              <lines>
                <line number="14" hits="2" branch="True" condition-coverage="100% (4/4)">
                  <conditions>
                    <condition number="17" type="jump" coverage="100%" />
                    <condition number="29" type="jump" coverage="100%" />
                  </conditions>
                </line>
              </lines>
            </method>
            <method name="Ok" signature="(T)" line-rate="1" branch-rate="1" complexity="1">
              <lines>
                <line number="17" hits="9" branch="False" />
              </lines>
            </method>
            <method name="Created" signature="(System.String,System.Object,T)" line-rate="1" branch-rate="1" complexity="1">
              <lines>
                <line number="20" hits="1" branch="False" />
              </lines>
            </method>
            <method name="BadRequest" signature="(System.String)" line-rate="1" branch-rate="1" complexity="1">
              <lines>
                <line number="23" hits="1" branch="False" />
              </lines>
            </method>
            <method name="NotFound" signature="(System.String)" line-rate="1" branch-rate="1" complexity="1">
              <lines>
                <line number="26" hits="1" branch="False" />
              </lines>
            </method>
            <method name="OkPaginated" signature="(Ambev.DeveloperEvaluation.WebApi.Common.PaginatedList`1&lt;T&gt;)" line-rate="1" branch-rate="1" complexity="1">
              <lines>
                <line number="29" hits="1" branch="False" />
                <line number="30" hits="1" branch="False" />
                <line number="31" hits="1" branch="False" />
                <line number="32" hits="1" branch="False" />
                <line number="33" hits="1" branch="False" />
                <line number="34" hits="1" branch="False" />
                <line number="35" hits="1" branch="False" />
                <line number="36" hits="1" branch="False" />
              </lines>
            </method>
          </methods>
          <lines>
            <line number="11" hits="2" branch="True" condition-coverage="100% (4/4)">
              <conditions>
                <condition number="17" type="jump" coverage="100%" />
                <condition number="29" type="jump" coverage="100%" />
              </conditions>
            </line>
            <line number="14" hits="2" branch="True" condition-coverage="100% (4/4)">
              <conditions>
                <condition number="17" type="jump" coverage="100%" />
                <condition number="29" type="jump" coverage="100%" />
              </conditions>
            </line>
            <line number="17" hits="9" branch="False" />
            <line number="20" hits="1" branch="False" />
            <line number="23" hits="1" branch="False" />
            <line number="26" hits="1" branch="False" />
            <line number="29" hits="1" branch="False" />
            <line number="30" hits="1" branch="False" />
            <line number="31" hits="1" branch="False" />
            <line number="32" hits="1" branch="False" />
            <line number="33" hits="1" branch="False" />
            <line number="34" hits="1" branch="False" />
            <line number="35" hits="1" branch="False" />
            <line number="36" hits="1" branch="False" />
          </lines>
        </class>
        <class name="Ambev.DeveloperEvaluation.WebApi.Common.PaginatedList`1" filename="Ambev.DeveloperEvaluation.WebApi\Common\PaginatedList.cs" line-rate="1" branch-rate="1" complexity="3">
          <methods>
            <method name="get_HasPrevious" signature="()" line-rate="1" branch-rate="1" complexity="1">
              <lines>
                <line number="12" hits="4" branch="False" />
              </lines>
            </method>
            <method name="get_HasNext" signature="()" line-rate="1" branch-rate="1" complexity="1">
              <lines>
                <line number="13" hits="4" branch="False" />
              </lines>
            </method>
            <method name=".ctor" signature="(System.Collections.Generic.List`1&lt;T&gt;,System.Int32,System.Int32,System.Int32)" line-rate="1" branch-rate="1" complexity="1">
              <lines>
                <line number="15" hits="11" branch="False" />
                <line number="16" hits="11" branch="False" />
                <line number="17" hits="11" branch="False" />
                <line number="18" hits="11" branch="False" />
                <line number="19" hits="11" branch="False" />
                <line number="20" hits="11" branch="False" />
                <line number="22" hits="11" branch="False" />
                <line number="23" hits="11" branch="False" />
              </lines>
            </method>
          </methods>
          <lines>
            <line number="12" hits="4" branch="False" />
            <line number="13" hits="4" branch="False" />
            <line number="15" hits="11" branch="False" />
            <line number="16" hits="11" branch="False" />
            <line number="17" hits="11" branch="False" />
            <line number="18" hits="11" branch="False" />
            <line number="19" hits="11" branch="False" />
            <line number="20" hits="11" branch="False" />
            <line number="22" hits="11" branch="False" />
            <line number="23" hits="11" branch="False" />
          </lines>
        </class>
      </classes>
    </package>
  </packages>
</coverage>